android/app/build/outputs/mapping/release/seeds.txt
com.bebrandd.branddot.MainActivity: MainActivity()
com.bebrandd.branddot.MainActivity
com.bebrandd.branddot.MainApplication
com.bebrandd.branddot.MainApplication: MainApplication()
...
com.horcrux.svg.RenderableView: int CAP_ROUND
com.facebook.react.bridge.ReactContext: android.view.LayoutInflater mInflater
okhttp3.internal.http2.Http2Connection: long degradedPongDeadlineNs
com.facebook.react.fabric.events.EventBeatManager
com.horcrux.svg.R$string: int combobox_description
com.google.android.material.floatingactionbutton.FloatingActionButton: com.google.android.material.floatingactionbutton.FloatingActionButtonImpl getImpl()
com.google.android.material.floatingactionbutton.FloatingActionButton: android.content.res.ColorStateList getRippleColorStateList()
com.horcrux.svg.R$styleable: int GradientColorItem_android_color
com.facebook.react.views.picker.ReactDialogPickerManager: void setItems(android.view.View,com.facebook.react.bridge.ReadableArray)
io.invertase.firebase.auth.ReactNativeFirebaseAuthModule: com.google.firebase.auth.PhoneAuthProvider$ForceResendingToken access$202(io.invertase.firebase.auth.ReactNativeFirebaseAuthModule,com.google.firebase.auth.PhoneAuthProvider$ForceResendingToken)
com.horcrux.svg.R$style: int AlertDialog_AppCompat_Light
com.facebook.react.bridge.ReactMarkerConstants: com.facebook.react.bridge.ReactMarkerConstants UNPACKING_JS_BUNDLE_LOADER_BLOCKED
okhttp3.internal.platform.AndroidPlatform$AndroidTrustRootIndex
com.facebook.cache.common.CacheErrorLogger$CacheErrorCategory: com.facebook.cache.common.CacheErrorLogger$CacheErrorCategory[] values()
com.reactnativecommunity.webview.RNCWebViewManager: java.lang.String HTTP_METHOD_POST
okhttp3.internal.connection.RealConnection$1
okhttp3.internal.http2.Http2Connection$6
androidx.appcompat.widget.AppCompatSpinner: java.lang.CharSequence getPrompt()
com.horcrux.svg.RenderableViewManager$PatternManager: void setAlign(com.horcrux.svg.PatternView,java.lang.String)
okhttp3.RealCall$AsyncCall: okhttp3.Callback responseCallback
okhttp3.internal.NamedRunnable: java.lang.String name
okhttp3.internal.platform.Jdk9Platform: void configureTlsExtensions(javax.net.ssl.SSLSocket,java.lang.String,java.util.List)
androidx.appcompat.widget.SwitchCompat: android.graphics.PorterDuff$Mode getTrackTintMode()
com.google.android.gms.internal.firebase-auth-api.zzie: com.google.android.gms.internal.firebase-auth-api.zzie[] values()
com.horcrux.svg.R$styleable: int DrawerArrowToggle_arrowHeadLength
okhttp3.RequestBody$2: RequestBody$2(okhttp3.MediaType,int,byte[],int)
com.facebook.drawee.view.DraweeView: void setController(com.facebook.drawee.interfaces.DraweeController)
okhttp3.CertificatePinner: void check(java.lang.String,java.security.cert.Certificate[])
com.google.android.gms.internal.firebase-auth-api.zzih: int zzf
com.horcrux.svg.R$styleable: int MenuItem_actionViewClass
com.facebook.fbreact.specs.NativeLinkingSpec: void sendIntent(java.lang.String,com.facebook.react.bridge.ReadableArray,com.facebook.react.bridge.Promise)
com.facebook.react.uimanager.BaseViewManager: void setAccessibilityLiveRegion(android.view.View,java.lang.String)
com.facebook.fbreact.specs.NativeShareModuleSpec: void share(com.facebook.react.bridge.ReadableMap,java.lang.String,com.facebook.react.bridge.Promise)
com.facebook.react.modules.debug.SourceCodeModule: java.lang.String NAME
com.facebook.react.bridge.WritableNativeMap: void putMap(java.lang.String,com.facebook.react.bridge.ReadableMap)
com.google.android.gms.internal.firebase-auth-api.zzhu: com.google.android.gms.internal.firebase-auth-api.zzhx zzb
com.horcrux.svg.R$styleable: int Toolbar_android_gravity
com.facebook.common.util.TriState: com.facebook.common.util.TriState valueOf(java.lang.String)
androidx.appcompat.app.AppCompatViewInflater: androidx.appcompat.widget.AppCompatMultiAutoCompleteTextView createMultiAutoCompleteTextView(android.content.Context,android.util.AttributeSet)
com.swmansion.gesturehandler.react.RNGestureHandlerModule: com.swmansion.gesturehandler.react.RNGestureHandlerRootHelper findRootHelperForViewAncestor(int)
com.facebook.react.views.scroll.ReactScrollView: void setBorderRadius(float)