android/app/build/outputs/mapping/release/usage.txt
com.bebrandd.branddot.R$integer
com.bebrandd.branddot.R$styleable
com.bebrandd.branddot.R$id
com.bebrandd.branddot.BuildConfig
com.bebrandd.branddot.R$raw
com.bebrandd.branddot.R$interpolator
com.bebrandd.branddot.R$plurals
com.bebrandd.branddot.R$mipmap
com.bebrandd.branddot.R$animator
com.bebrandd.branddot.R$xml
com.bebrandd.branddot.R$menu
com.bebrandd.branddot.R$style
com.bebrandd.branddot.R$color
com.bebrandd.branddot.R$dimen
com.bebrandd.branddot.R$drawable
com.bebrandd.branddot.R$anim
com.bebrandd.branddot.R$attr
com.bebrandd.branddot.R$bool
com.bebrandd.branddot.R
com.bebrandd.branddot.R$string
com.bebrandd.branddot.R$layout
...
org.apache.commons.lang3.concurrent.ConcurrentInitializer
androidx.appcompat.widget.AppCompatCheckedTextView:
    public void <init>(android.content.Context)
org.unimodules.core.interfaces.RuntimeEnvironmentInterface$PlatformVersion
com.google.android.gms.base.R
com.facebook.soloader.Api18TraceUtils:
    private static final int MAX_SECTION_NAME_LENGTH
android.support.v4.media.session.MediaSessionCompatApi23$Callback
com.bumptech.glide.request.target.FixedSizeDrawable$State
com.google.android.gms.safetynet.SafetyNetApi$zzc
expo.modules.imageloader.R$id
com.facebook.share.internal.LikeActionController$5
com.google.android.material.resources.TextAppearanceConfig:
    public void <init>()
    public static void setShouldLoadFontSynchronously(boolean)
kotlin.reflect.jvm.internal.impl.metadata.jvm.JvmProtoBuf$JvmFieldSignatureOrBuilder
org.apache.commons.lang3.ClassUtils
androidx.appcompat.R$style:
    private void <init>()
    public static final int AlertDialog_AppCompat
    public static final int AlertDialog_AppCompat_Light
    public static final int Animation_AppCompat_Dialog
    public static final int Animation_AppCompat_DropDownUp
    public static final int Base_AlertDialog_AppCompat
    public static final int Base_AlertDialog_AppCompat_Light
    public static final int Base_Animation_AppCompat_Dialog
    public static final int Base_Animation_AppCompat_DropDownUp
    public static final int Base_Animation_AppCompat_Tooltip
    public static final int Base_DialogWindowTitleBackground_AppCompat
    public static final int Base_DialogWindowTitle_AppCompat
    public static final int Base_TextAppearance_AppCompat
    public static final int Base_TextAppearance_AppCompat_Body1
    public static final int Base_TextAppearance_AppCompat_Body2
    public static final int Base_TextAppearance_AppCompat_Button
    public static final int Base_TextAppearance_AppCompat_Caption
    public static final int Base_TextAppearance_AppCompat_Display1
    public static final int Base_TextAppearance_AppCompat_Display2
    public static final int Base_TextAppearance_AppCompat_Display3
    public static final int Base_TextAppearance_AppCompat_Display4
    public static final int Base_TextAppearance_AppCompat_Headline
    public static final int Base_TextAppearance_AppCompat_Inverse
    public static final int Base_TextAppearance_AppCompat_Large
androidx.recyclerview.widget.AsyncDifferConfig
androidx.media.MediaBrowserServiceCompat$MediaBrowserServiceImplApi21$1
com.facebook.messenger.R$color
androidx.core.view.accessibility.AccessibilityViewCommand$ScrollToPositionArguments:
    public int getRow()
    public int getColumn()